SF:lib\models\cart.dart
DA:8,9
DA:10,3
DA:11,6
DA:12,10
DA:14,6
DA:16,3
DA:19,2
DA:20,4
DA:21,4
DA:22,2
DA:23,6
DA:25,4
DA:27,2
DA:31,1
DA:32,2
DA:33,1
DA:36,5
DA:37,5
DA:40,13
DA:41,6
DA:42,6
DA:44,3
DA:51,3
DA:53,3
DA:55,4
DA:57,10
DA:58,2
DA:63,2
DA:64,4
DA:65,4
LF:30
LH:30
end_of_record
SF:lib\models\sandwich.dart
DA:15,6
DA:21,5
DA:22,5
DA:23,5
DA:25,5
DA:27,4
DA:29,4
DA:34,4
DA:35,8
DA:37,4
DA:42,4
LF:11
LH:11
end_of_record
SF:lib\repositories\pricing_repository.dart
DA:2,4
DA:11,4
LF:2
LH:2
end_of_record
SF:lib\views\app_styles.dart
DA:7,2
DA:8,2
DA:9,2
DA:12,2
DA:13,2
DA:14,2
DA:18,2
DA:20,12
DA:22,14
DA:23,7
DA:27,14
DA:28,7
DA:33,10
DA:34,12
DA:35,12
LF:15
LH:15
end_of_record
SF:lib\views\cart_screen.dart
DA:11,1
DA:13,2
DA:15,2
DA:20,0
DA:21,0
DA:23,0
DA:24,0
DA:33,0
DA:34,0
DA:35,0
DA:36,0
DA:40,0
DA:41,0
DA:43,0
DA:44,0
DA:46,0
DA:47,0
DA:49,0
DA:55,0
DA:59,1
DA:67,1
DA:68,1
DA:69,1
DA:71,1
DA:75,1
DA:76,2
DA:77,1
DA:78,3
DA:83,1
DA:84,2
DA:85,2
DA:86,1
DA:87,2
DA:88,0
DA:92,3
DA:98,1
DA:99,2
DA:100,2
DA:101,3
DA:106,2
DA:108,2
DA:109,2
DA:110,2
DA:112,2
DA:114,2
DA:117,2
DA:119,2
DA:121,2
DA:122,2
DA:123,2
DA:124,2
DA:126,2
DA:128,2
DA:131,6
DA:139,2
DA:140,2
DA:141,2
DA:142,2
DA:143,2
DA:145,2
DA:147,4
DA:148,2
DA:150,2
DA:154,2
DA:155,1
DA:156,1
DA:157,4
DA:158,1
DA:159,7
DA:160,1
DA:162,1
DA:164,1
DA:165,1
DA:167,3
DA:169,1
DA:170,2
DA:171,1
DA:173,1
DA:175,3
DA:178,1
DA:179,5
DA:180,1
DA:182,1
DA:185,3
DA:192,2
DA:193,6
DA:194,2
DA:197,2
DA:198,2
DA:199,2
DA:200,4
DA:202,1
DA:203,1
DA:213,2
DA:214,2
DA:215,0
DA:220,2
LF:97
LH:79
end_of_record
SF:lib\views\order_screen.dart
DA:13,0
DA:15,3
DA:17,3
DA:29,3
DA:31,3
DA:32,6
DA:33,0
DA:37,3
DA:39,6
DA:40,3
DA:43,0
DA:44,0
DA:45,0
DA:46,0
DA:47,0
DA:52,0
DA:54,0
DA:55,0
DA:56,0
DA:57,0
DA:62,0
DA:65,0
DA:69,0
DA:70,0
DA:71,0
DA:72,0
DA:74,0
DA:75,0
DA:79,0
DA:82,1
DA:83,2
DA:84,1
DA:85,1
DA:86,1
DA:87,1
DA:90,2
DA:91,2
DA:94,1
DA:100,5
DA:102,2
DA:103,1
DA:104,1
DA:107,1
DA:111,3
DA:112,6
DA:113,3
DA:118,1
DA:119,1
DA:120,1
DA:121,1
DA:122,1
DA:127,3
DA:128,3
DA:129,6
DA:131,3
DA:132,3
DA:134,3
DA:136,3
DA:141,3
DA:142,3
DA:143,6
DA:144,3
DA:146,3
DA:148,3
DA:153,3
DA:154,3
DA:155,3
DA:156,3
DA:157,3
DA:159,3
DA:162,3
DA:164,3
DA:165,3
DA:166,3
DA:168,3
DA:170,3
DA:173,3
DA:175,3
DA:177,3
DA:178,3
DA:179,3
DA:180,3
DA:182,3
DA:184,3
DA:187,9
DA:195,3
DA:196,3
DA:197,3
DA:199,3
DA:200,3
DA:202,3
DA:203,3
DA:205,0
DA:206,0
DA:207,0
DA:209,0
DA:216,3
DA:219,3
DA:220,3
DA:221,1
DA:223,3
DA:226,3
DA:229,3
DA:231,3
DA:232,6
DA:233,3
DA:234,3
DA:235,4
DA:237,6
DA:241,3
DA:244,3
DA:245,3
DA:246,1
DA:248,3
DA:251,3
DA:254,3
DA:256,3
DA:257,6
DA:258,3
DA:259,6
DA:260,5
DA:264,12
DA:265,3
DA:266,5
DA:272,3
DA:273,3
DA:279,3
DA:280,3
DA:286,3
DA:287,3
DA:293,3
DA:294,3
DA:295,3
DA:296,12
DA:297,3
DA:304,3
DA:305,3
DA:327,4
DA:335,4
DA:337,4
DA:338,4
DA:340,4
DA:343,4
DA:344,4
DA:346,4
DA:347,4
DA:348,8
DA:350,8
LF:148
LH:123
end_of_record
SF:lib\views\checkout_screen.dart
DA:9,1
DA:11,0
DA:12,0
DA:18,0
DA:19,0
DA:20,0
DA:23,0
DA:25,0
DA:26,0
DA:27,0
DA:29,0
DA:30,0
DA:32,0
DA:33,0
DA:37,0
DA:38,0
DA:42,0
DA:43,0
DA:44,0
DA:45,0
DA:48,0
DA:50,0
DA:51,0
DA:52,0
DA:54,0
DA:56,0
DA:59,0
DA:60,0
DA:61,0
DA:62,0
DA:63,0
DA:65,0
DA:67,0
DA:70,0
DA:78,0
DA:80,0
DA:81,0
DA:82,0
DA:84,0
DA:85,0
DA:87,0
DA:88,0
DA:89,0
DA:90,0
DA:92,0
DA:94,0
DA:95,0
DA:96,0
DA:97,0
DA:99,0
DA:100,0
DA:101,0
DA:106,0
DA:107,0
DA:110,0
DA:111,0
DA:113,0
DA:115,0
DA:116,0
DA:117,0
DA:118,0
DA:119,0
DA:123,0
DA:124,0
DA:126,0
DA:127,0
DA:129,0
DA:133,0
DA:135,0
DA:136,0
DA:141,0
DA:142,0
DA:143,0
DA:145,0
DA:150,0
DA:151,0
DA:152,0
DA:153,0
DA:158,0
LF:79
LH:1
end_of_record
SF:lib\views\profile_screen.dart
DA:7,1
DA:9,1
DA:10,1
DA:17,1
DA:19,2
DA:20,2
DA:21,1
DA:24,1
DA:25,3
DA:26,3
DA:28,1
DA:29,1
DA:33,1
DA:35,1
DA:39,1
DA:40,1
DA:44,2
DA:47,1
DA:52,3
DA:55,1
DA:57,1
DA:58,1
DA:59,1
DA:61,1
DA:63,1
DA:66,1
DA:68,1
DA:70,1
DA:71,1
DA:72,0
DA:73,0
DA:75,0
DA:77,0
DA:80,0
DA:88,1
DA:90,1
DA:92,1
DA:93,2
DA:95,1
DA:96,1
DA:103,1
DA:104,1
DA:111,1
DA:112,1
LF:44
LH:39
end_of_record
SF:lib\views\settings_screen.dart
DA:5,1
DA:7,1
DA:8,1
DA:15,1
DA:17,1
DA:18,1
DA:21,1
DA:22,1
DA:23,2
DA:24,2
DA:25,1
DA:29,1
DA:30,1
DA:31,2
DA:32,1
DA:36,1
DA:38,1
DA:46,1
DA:47,1
DA:48,1
DA:50,1
DA:52,1
DA:55,2
DA:57,1
DA:59,1
DA:60,1
DA:61,2
DA:63,1
DA:64,3
DA:65,2
DA:68,1
DA:69,1
DA:73,3
DA:74,1
DA:77,1
DA:79,2
DA:82,1
DA:84,1
DA:88,1
DA:89,0
DA:90,2
LF:41
LH:40
end_of_record
SF:lib\main.dart
DA:7,0
DA:8,0
DA:9,0
DA:10,0
DA:14,1
DA:16,2
DA:18,2
DA:19,2
DA:20,2
LF:9
LH:5
end_of_record
